[2021-12-02 04:11:00,337] multiqc                                            [DEBUG  ]  No MultiQC config found: /nfs/home/users/msalgado/.local/lib/python2.7/site-packages/multiqc_config.yaml
[2021-12-02 04:11:00,337] multiqc                                            [DEBUG  ]  No MultiQC config found: /nfs/home/users/msalgado/.multiqc_config.yaml
[2021-12-02 04:11:00,337] multiqc                                            [DEBUG  ]  No MultiQC config found: multiqc_config.yaml
[2021-12-02 04:11:00,337] multiqc                                            [DEBUG  ]  Command used: /nfs/home/users/msalgado/.local/bin/multiqc .
[2021-12-02 04:11:00,771] multiqc                                            [WARNING]  MultiQC Version v1.11 now available!
[2021-12-02 04:11:00,771] multiqc                                            [INFO   ]  This is MultiQC v1.10.dev0
[2021-12-02 04:11:00,771] multiqc                                            [DEBUG  ]  Command     : /nfs/home/users/msalgado/.local/bin/multiqc .
[2021-12-02 04:11:00,772] multiqc                                            [DEBUG  ]  Working dir : /nfs/home/users/msalgado/test_data_1_K562
[2021-12-02 04:11:00,772] multiqc                                            [INFO   ]  Template    : default
[2021-12-02 04:11:00,772] multiqc                                            [WARNING]  You are running MultiQC with Python 2.7.17
[2021-12-02 04:11:00,772] multiqc                                            [WARNING]  Please upgrade! MultiQC will soon drop support for Python < 3.6
[2021-12-02 04:11:00,772] multiqc                                            [INFO   ]  Searching   : /nfs/home/users/msalgado/test_data_1_K562
[2021-12-02 04:11:00,774] multiqc                                            [DEBUG  ]  Analysing modules: hops, sentieon, purple, qc3C, pychopper, custom_content, conpair, peddy, somalier, methylQA, mosdepth, phantompeakqualtools, qualimap, preseq, quast, qorts, rna_seqc, rockhopper, rsem, rseqc, busco, goleft_indexcov, disambiguate, supernova, deeptools, sargasso, verifybamid, mirtrace, happy, mirtop, homer, macs2, theta2, snpeff, gatk, htseq, bcftools, featureCounts, fgbio, dragen, dedup, damageprofiler, biobambam2, mtnucratio, picard, prokka, samblaster, samtools, sexdeterrmine, bamtools, jellyfish, vcftools, longranger, stacks, varscan2, bbmap, bismark, biscuit, hicexplorer, hicup, hicpro, salmon, kallisto, slamdunk, star, hisat2, tophat, bowtie2, bowtie1, snpsplit, kat, leehom, adapterRemoval, clipandmerge, cutadapt, flexbar, kaiju, kraken, malt, trimmomatic, sickle, skewer, sortmerna, biobloomtools, fastq_screen, afterqc, fastp, fastqc, pycoqc, minionqc, multivcfanalyzer, clusterflow, bcl2fastq, interop, ivar, flash, seqyclean
[2021-12-02 04:11:00,774] multiqc                                            [DEBUG  ]  Using temporary directory for creating report: /tmp/tmpjnUWit
[2021-12-02 04:11:00,870] multiqc                                            [DEBUG  ]  File ignored by hicexplorer because it exceeded search pattern filesize limit: ENCFF239POR.Log.progress.out
[2021-12-02 04:11:00,871] multiqc                                            [DEBUG  ]  File ignored by longranger/invocation because it exceeded search pattern filesize limit: ENCFF239POR.Log.progress.out
[2021-12-02 04:11:00,893] multiqc                                            [DEBUG  ]  File ignored by hicexplorer because it exceeded search pattern filesize limit: DESeq2_DEXSeq_Isoform.R
[2021-12-02 04:11:00,895] multiqc                                            [DEBUG  ]  File ignored by longranger/invocation because it exceeded search pattern filesize limit: DESeq2_DEXSeq_Isoform.R
[2021-12-02 04:11:00,928] multiqc                                            [DEBUG  ]  File ignored by hicexplorer because it exceeded search pattern filesize limit: preprocessing_paired.sh
[2021-12-02 04:11:00,930] multiqc                                            [DEBUG  ]  File ignored by longranger/invocation because it exceeded search pattern filesize limit: preprocessing_paired.sh
[2021-12-02 04:11:00,942] multiqc                                            [DEBUG  ]  Ignoring file as matched an ignore pattern: ENCFF239POR_2_unpaired.fastq
[2021-12-02 04:11:00,958] multiqc                                            [DEBUG  ]  File ignored by hicexplorer because it exceeded search pattern filesize limit: ENCFF250AJS.Log.out
[2021-12-02 04:11:00,960] multiqc                                            [DEBUG  ]  File ignored by longranger/invocation because it exceeded search pattern filesize limit: ENCFF250AJS.Log.out
[2021-12-02 04:11:00,989] multiqc                                            [DEBUG  ]  Ignoring file as matched an ignore pattern: ENCFF301JRH_2_unpaired.fastq
[2021-12-02 04:11:00,989] multiqc                                            [DEBUG  ]  Ignoring file as matched an ignore pattern: ENCFF250AJS.Aligned.sortedByCoord.out.bam
[2021-12-02 04:11:00,989] multiqc                                            [DEBUG  ]  Ignoring file as matched an ignore pattern: ENCFF239POR_1_trimmed.fastq
[2021-12-02 04:11:00,990] multiqc                                            [DEBUG  ]  Ignoring file as matched an ignore pattern: splicing_analysis.nb.html
[2021-12-02 04:11:00,990] multiqc                                            [DEBUG  ]  Ignoring file as matched an ignore pattern: ENCFF239POR.fastq
[2021-12-02 04:11:00,990] multiqc                                            [DEBUG  ]  Ignoring file as matched an ignore pattern: ENCFF962DHI.fastq
[2021-12-02 04:11:00,990] multiqc                                            [DEBUG  ]  Ignoring file as matched an ignore pattern: ENCFF301JRH.Aligned.sortedByCoord.out.bam.bai
[2021-12-02 04:11:01,005] multiqc                                            [DEBUG  ]  File ignored by hicexplorer because it exceeded search pattern filesize limit: ENCFF301JRH.Log.out
[2021-12-02 04:11:01,007] multiqc                                            [DEBUG  ]  File ignored by longranger/invocation because it exceeded search pattern filesize limit: ENCFF301JRH.Log.out
[2021-12-02 04:11:01,057] multiqc                                            [DEBUG  ]  Ignoring file as matched an ignore pattern: ENCFF239POR_2_trimmed.fastq
[2021-12-02 04:11:01,073] multiqc                                            [DEBUG  ]  File ignored by hicexplorer because it exceeded search pattern filesize limit: ENCFF803NZJ.Log.out
[2021-12-02 04:11:01,075] multiqc                                            [DEBUG  ]  File ignored by longranger/invocation because it exceeded search pattern filesize limit: ENCFF803NZJ.Log.out
[2021-12-02 04:11:01,119] multiqc                                            [DEBUG  ]  File ignored by hicexplorer because it exceeded search pattern filesize limit: ENCFF301JRH.Log.progress.out
[2021-12-02 04:11:01,121] multiqc                                            [DEBUG  ]  File ignored by longranger/invocation because it exceeded search pattern filesize limit: ENCFF301JRH.Log.progress.out
[2021-12-02 04:11:01,128] multiqc                                            [DEBUG  ]  Ignoring file as matched an ignore pattern: ENCFF250AJS_2_trimmed.fastq
[2021-12-02 04:11:01,129] multiqc                                            [DEBUG  ]  Ignoring file as matched an ignore pattern: ENCFF803NZJ.Aligned.sortedByCoord.out.bam.bai
[2021-12-02 04:11:01,129] multiqc                                            [DEBUG  ]  Ignoring file as matched an ignore pattern: ENCFF803NZJ_1_unpaired.fastq
[2021-12-02 04:11:01,129] multiqc                                            [DEBUG  ]  Ignoring file as matched an ignore pattern: ENCFF803NZJ_2_unpaired.fastq
[2021-12-02 04:11:01,145] multiqc                                            [DEBUG  ]  File ignored by hicexplorer because it exceeded search pattern filesize limit: splicing_analysis.Rmd
[2021-12-02 04:11:01,152] multiqc                                            [DEBUG  ]  File ignored by longranger/invocation because it exceeded search pattern filesize limit: splicing_analysis.Rmd
[2021-12-02 04:11:01,377] multiqc                                            [DEBUG  ]  Ignoring file as matched an ignore pattern: ENCFF250AJS_1_unpaired.fastq
[2021-12-02 04:11:01,398] multiqc                                            [DEBUG  ]  Ignoring file as matched an ignore pattern: ENCFF803NZJ_2_trimmed.fastq
[2021-12-02 04:11:01,399] multiqc                                            [DEBUG  ]  Ignoring file as matched an ignore pattern: ENCFF301JRH.fastq
[2021-12-02 04:11:01,399] multiqc                                            [DEBUG  ]  Ignoring file as matched an ignore pattern: ENCFF301JRH_2_trimmed.fastq
[2021-12-02 04:11:01,413] multiqc                                            [DEBUG  ]  File ignored by hicexplorer because it exceeded search pattern filesize limit: ENCFF250AJS.Log.progress.out
[2021-12-02 04:11:01,415] multiqc                                            [DEBUG  ]  File ignored by longranger/invocation because it exceeded search pattern filesize limit: ENCFF250AJS.Log.progress.out
[2021-12-02 04:11:01,422] multiqc                                            [DEBUG  ]  Ignoring file as matched an ignore pattern: ENCFF250AJS.fastq
[2021-12-02 04:11:01,443] multiqc                                            [DEBUG  ]  Ignoring file as matched an ignore pattern: ENCFF573WJT.fastq
[2021-12-02 04:11:01,443] multiqc                                            [DEBUG  ]  Ignoring file as matched an ignore pattern: ENCFF803NZJ.Aligned.sortedByCoord.out.bam
[2021-12-02 04:11:01,443] multiqc                                            [DEBUG  ]  Ignoring file as matched an ignore pattern: ENCFF239POR.Aligned.sortedByCoord.out.bam
[2021-12-02 04:11:01,466] multiqc                                            [DEBUG  ]  File ignored by hicexplorer because it exceeded search pattern filesize limit: ENCFF250AJS.SJ.out.tab
[2021-12-02 04:11:01,469] multiqc                                            [DEBUG  ]  File ignored by rseqc/junction_annotation because it exceeded search pattern filesize limit: ENCFF250AJS.SJ.out.tab
[2021-12-02 04:11:01,469] multiqc                                            [DEBUG  ]  File ignored by longranger/invocation because it exceeded search pattern filesize limit: ENCFF250AJS.SJ.out.tab
[2021-12-02 04:11:01,469] multiqc                                            [DEBUG  ]  File ignored by rockhopper because it exceeded search pattern filesize limit: ENCFF250AJS.SJ.out.tab
[2021-12-02 04:11:01,469] multiqc                                            [DEBUG  ]  File ignored by rseqc/read_distribution because it exceeded search pattern filesize limit: ENCFF250AJS.SJ.out.tab
[2021-12-02 04:11:01,469] multiqc                                            [DEBUG  ]  File ignored by snpeff because it exceeded search pattern filesize limit: ENCFF250AJS.SJ.out.tab
[2021-12-02 04:11:01,469] multiqc                                            [DEBUG  ]  File ignored by rseqc/infer_experiment because it exceeded search pattern filesize limit: ENCFF250AJS.SJ.out.tab
[2021-12-02 04:11:01,469] multiqc                                            [DEBUG  ]  File ignored by rseqc/bam_stat because it exceeded search pattern filesize limit: ENCFF250AJS.SJ.out.tab
[2021-12-02 04:11:01,469] multiqc                                            [DEBUG  ]  File ignored by stacks/sumstats because it exceeded search pattern filesize limit: ENCFF250AJS.SJ.out.tab
[2021-12-02 04:11:10,743] multiqc                                            [DEBUG  ]  Ignoring file as matched an ignore pattern: ENCFF250AJS_1_trimmed.fastq
[2021-12-02 04:11:10,744] multiqc                                            [DEBUG  ]  Ignoring file as matched an ignore pattern: ENCFF803NZJ.fastq
[2021-12-02 04:11:10,747] multiqc                                            [DEBUG  ]  Ignoring file as matched an ignore pattern: ENCFF319WJN.fastq
[2021-12-02 04:11:10,760] multiqc                                            [DEBUG  ]  File ignored by longranger/invocation because it exceeded search pattern filesize limit: majiq.out
[2021-12-02 04:11:10,766] multiqc                                            [DEBUG  ]  Ignoring file as matched an ignore pattern: ENCFF301JRH.Aligned.sortedByCoord.out.bam
[2021-12-02 04:11:10,770] multiqc                                            [DEBUG  ]  Ignoring file as matched an ignore pattern: ENCFF193LXU.fastq
[2021-12-02 04:11:10,784] multiqc                                            [DEBUG  ]  File ignored by hicexplorer because it exceeded search pattern filesize limit: nohup.out
[2021-12-02 04:11:10,790] multiqc                                            [DEBUG  ]  File ignored by longranger/invocation because it exceeded search pattern filesize limit: nohup.out
[2021-12-02 04:11:10,998] multiqc                                            [DEBUG  ]  Ignoring file as matched an ignore pattern: ENCFF239POR_1_unpaired.fastq
[2021-12-02 04:11:11,021] multiqc                                            [DEBUG  ]  File ignored by hicexplorer because it exceeded search pattern filesize limit: ENCFF239POR.SJ.out.tab
[2021-12-02 04:11:11,024] multiqc                                            [DEBUG  ]  File ignored by rseqc/junction_annotation because it exceeded search pattern filesize limit: ENCFF239POR.SJ.out.tab
[2021-12-02 04:11:11,024] multiqc                                            [DEBUG  ]  File ignored by longranger/invocation because it exceeded search pattern filesize limit: ENCFF239POR.SJ.out.tab
[2021-12-02 04:11:11,024] multiqc                                            [DEBUG  ]  File ignored by rockhopper because it exceeded search pattern filesize limit: ENCFF239POR.SJ.out.tab
[2021-12-02 04:11:11,024] multiqc                                            [DEBUG  ]  File ignored by rseqc/read_distribution because it exceeded search pattern filesize limit: ENCFF239POR.SJ.out.tab
[2021-12-02 04:11:11,024] multiqc                                            [DEBUG  ]  File ignored by snpeff because it exceeded search pattern filesize limit: ENCFF239POR.SJ.out.tab
[2021-12-02 04:11:11,024] multiqc                                            [DEBUG  ]  File ignored by rseqc/infer_experiment because it exceeded search pattern filesize limit: ENCFF239POR.SJ.out.tab
[2021-12-02 04:11:11,024] multiqc                                            [DEBUG  ]  File ignored by rseqc/bam_stat because it exceeded search pattern filesize limit: ENCFF239POR.SJ.out.tab
[2021-12-02 04:11:11,024] multiqc                                            [DEBUG  ]  File ignored by stacks/sumstats because it exceeded search pattern filesize limit: ENCFF239POR.SJ.out.tab
[2021-12-02 04:11:19,675] multiqc                                            [DEBUG  ]  Ignoring file as matched an ignore pattern: ENCFF803NZJ_1_trimmed.fastq
[2021-12-02 04:11:19,690] multiqc                                            [DEBUG  ]  File ignored by hicexplorer because it exceeded search pattern filesize limit: ENCFF239POR.Log.out
[2021-12-02 04:11:19,692] multiqc                                            [DEBUG  ]  File ignored by longranger/invocation because it exceeded search pattern filesize limit: ENCFF239POR.Log.out
[2021-12-02 04:11:19,723] multiqc                                            [DEBUG  ]  Ignoring file as matched an ignore pattern: ENCFF250AJS_2_unpaired.fastq
[2021-12-02 04:11:19,723] multiqc                                            [DEBUG  ]  Ignoring file as matched an ignore pattern: ENCFF250AJS.Aligned.sortedByCoord.out.bam.bai
[2021-12-02 04:11:19,724] multiqc                                            [DEBUG  ]  Ignoring file as matched an ignore pattern: ENCFF239POR.Aligned.sortedByCoord.out.bam.bai
[2021-12-02 04:11:19,739] multiqc                                            [DEBUG  ]  File ignored by hicexplorer because it exceeded search pattern filesize limit: ENCFF803NZJ.Log.progress.out
[2021-12-02 04:11:19,740] multiqc                                            [DEBUG  ]  File ignored by longranger/invocation because it exceeded search pattern filesize limit: ENCFF803NZJ.Log.progress.out
[2021-12-02 04:11:19,748] multiqc                                            [DEBUG  ]  Ignoring file as matched an ignore pattern: ENCFF301JRH_1_trimmed.fastq
[2021-12-02 04:11:19,770] multiqc                                            [DEBUG  ]  File ignored by hicexplorer because it exceeded search pattern filesize limit: ENCFF803NZJ.SJ.out.tab
[2021-12-02 04:11:19,773] multiqc                                            [DEBUG  ]  File ignored by rseqc/junction_annotation because it exceeded search pattern filesize limit: ENCFF803NZJ.SJ.out.tab
[2021-12-02 04:11:19,773] multiqc                                            [DEBUG  ]  File ignored by longranger/invocation because it exceeded search pattern filesize limit: ENCFF803NZJ.SJ.out.tab
[2021-12-02 04:11:19,773] multiqc                                            [DEBUG  ]  File ignored by rockhopper because it exceeded search pattern filesize limit: ENCFF803NZJ.SJ.out.tab
[2021-12-02 04:11:19,773] multiqc                                            [DEBUG  ]  File ignored by rseqc/read_distribution because it exceeded search pattern filesize limit: ENCFF803NZJ.SJ.out.tab
[2021-12-02 04:11:19,773] multiqc                                            [DEBUG  ]  File ignored by snpeff because it exceeded search pattern filesize limit: ENCFF803NZJ.SJ.out.tab
[2021-12-02 04:11:19,773] multiqc                                            [DEBUG  ]  File ignored by rseqc/infer_experiment because it exceeded search pattern filesize limit: ENCFF803NZJ.SJ.out.tab
[2021-12-02 04:11:19,773] multiqc                                            [DEBUG  ]  File ignored by rseqc/bam_stat because it exceeded search pattern filesize limit: ENCFF803NZJ.SJ.out.tab
[2021-12-02 04:11:19,773] multiqc                                            [DEBUG  ]  File ignored by stacks/sumstats because it exceeded search pattern filesize limit: ENCFF803NZJ.SJ.out.tab
[2021-12-02 04:11:29,533] multiqc                                            [DEBUG  ]  Ignoring file as matched an ignore pattern: ENCFF301JRH_1_unpaired.fastq
[2021-12-02 04:11:29,555] multiqc                                            [DEBUG  ]  File ignored by hicexplorer because it exceeded search pattern filesize limit: mart_export.txt
[2021-12-02 04:11:29,558] multiqc                                            [DEBUG  ]  File ignored by rseqc/junction_annotation because it exceeded search pattern filesize limit: mart_export.txt
[2021-12-02 04:11:29,558] multiqc                                            [DEBUG  ]  File ignored by longranger/invocation because it exceeded search pattern filesize limit: mart_export.txt
[2021-12-02 04:11:29,558] multiqc                                            [DEBUG  ]  File ignored by rockhopper because it exceeded search pattern filesize limit: mart_export.txt
[2021-12-02 04:11:29,558] multiqc                                            [DEBUG  ]  File ignored by rseqc/read_distribution because it exceeded search pattern filesize limit: mart_export.txt
[2021-12-02 04:11:29,609] multiqc                                            [DEBUG  ]  File ignored by rseqc/infer_experiment because it exceeded search pattern filesize limit: mart_export.txt
[2021-12-02 04:11:29,609] multiqc                                            [DEBUG  ]  File ignored by rseqc/bam_stat because it exceeded search pattern filesize limit: mart_export.txt
[2021-12-02 04:11:29,609] multiqc                                            [DEBUG  ]  File ignored by stacks/sumstats because it exceeded search pattern filesize limit: mart_export.txt
[2021-12-02 04:11:31,897] multiqc                                            [DEBUG  ]  File ignored by hicexplorer because it exceeded search pattern filesize limit: splicing_factors_list.txt
[2021-12-02 04:11:31,900] multiqc                                            [DEBUG  ]  File ignored by longranger/invocation because it exceeded search pattern filesize limit: splicing_factors_list.txt
[2021-12-02 04:11:31,945] multiqc                                            [DEBUG  ]  File ignored by hicexplorer because it exceeded search pattern filesize limit: f.1618066656.398.txt
[2021-12-02 04:11:31,948] multiqc                                            [DEBUG  ]  File ignored by longranger/invocation because it exceeded search pattern filesize limit: f.1618066656.398.txt
[2021-12-02 04:11:32,010] multiqc                                            [ERROR  ]  Oops! The 'hops' MultiQC module broke... 
  Please copy the following traceback and report it at https://github.com/ewels/MultiQC/issues 
  If possible, please include a log file that triggers the error - the last file found was:
    None
============================================================
Module hops raised an exception: Traceback (most recent call last):
  File "/nfs/home/users/msalgado/.local/lib/python2.7/site-packages/multiqc/multiqc.py", line 569, in run
    output = mod()
  File "/nfs/home/users/msalgado/.local/lib/python2.7/site-packages/multiqc/modules/hops/hops.py", line 24, in __init__
    for f in self.find_log_files('hops',filehandles=True):
  File "/nfs/home/users/msalgado/.local/lib/python2.7/site-packages/multiqc/modules/base_module.py", line 97, in find_log_files
    for f in report.files[sp_key]:
KeyError: 'hops'
============================================================
[2021-12-02 04:11:32,216] multiqc.plots.bargraph                             [DEBUG  ]  Using matplotlib version 2.2.5
[2021-12-02 04:11:32,217] multiqc.plots.linegraph                            [DEBUG  ]  Using matplotlib version 2.2.5
[2021-12-02 04:11:32,218] multiqc                                            [ERROR  ]  Oops! The 'sentieon' MultiQC module broke... 
  Please copy the following traceback and report it at https://github.com/ewels/MultiQC/issues 
  If possible, please include a log file that triggers the error - the last file found was:
    None
============================================================
Module sentieon raised an exception: Traceback (most recent call last):
  File "/nfs/home/users/msalgado/.local/lib/python2.7/site-packages/multiqc/multiqc.py", line 569, in run
    output = mod()
  File "/nfs/home/users/msalgado/.local/lib/python2.7/site-packages/multiqc/modules/sentieon/sentieon.py", line 42, in __init__
    n['AlignmentMetrics'] = AlignmentSummaryMetrics.parse_reports(self)
  File "/nfs/home/users/msalgado/.local/lib/python2.7/site-packages/multiqc/modules/sentieon/AlignmentSummaryMetrics.py", line 24, in parse_reports
    filehandles=True):
  File "/nfs/home/users/msalgado/.local/lib/python2.7/site-packages/multiqc/modules/base_module.py", line 97, in find_log_files
    for f in report.files[sp_key]:
KeyError: 'sentieon/alignment_metrics'
============================================================
[2021-12-02 04:11:32,222] multiqc                                            [ERROR  ]  Oops! The 'purple' MultiQC module broke... 
  Please copy the following traceback and report it at https://github.com/ewels/MultiQC/issues 
  If possible, please include a log file that triggers the error - the last file found was:
    None
============================================================
Module purple raised an exception: Traceback (most recent call last):
  File "/nfs/home/users/msalgado/.local/lib/python2.7/site-packages/multiqc/multiqc.py", line 569, in run
    output = mod()
  File "/nfs/home/users/msalgado/.local/lib/python2.7/site-packages/multiqc/modules/purple/purple.py", line 35, in __init__
    for f in self.find_log_files('purple/qc'):
  File "/nfs/home/users/msalgado/.local/lib/python2.7/site-packages/multiqc/modules/base_module.py", line 97, in find_log_files
    for f in report.files[sp_key]:
KeyError: 'purple/qc'
============================================================
[2021-12-02 04:11:32,226] multiqc                                            [ERROR  ]  Oops! The 'qc3C' MultiQC module broke... 
  Please copy the following traceback and report it at https://github.com/ewels/MultiQC/issues 
  If possible, please include a log file that triggers the error - the last file found was:
    None
============================================================
Module qc3C raised an exception: Traceback (most recent call last):
  File "/nfs/home/users/msalgado/.local/lib/python2.7/site-packages/multiqc/multiqc.py", line 569, in run
    output = mod()
  File "/nfs/home/users/msalgado/.local/lib/python2.7/site-packages/multiqc/modules/qc3C/qc3C.py", line 82, in __init__
    for f in self.find_log_files('qc3C', filehandles=True):
  File "/nfs/home/users/msalgado/.local/lib/python2.7/site-packages/multiqc/modules/base_module.py", line 97, in find_log_files
    for f in report.files[sp_key]:
KeyError: 'qc3C'
============================================================
[2021-12-02 04:11:32,229] multiqc                                            [ERROR  ]  Oops! The 'pychopper' MultiQC module broke... 
  Please copy the following traceback and report it at https://github.com/ewels/MultiQC/issues 
  If possible, please include a log file that triggers the error - the last file found was:
    None
============================================================
Module pychopper raised an exception: Traceback (most recent call last):
  File "/nfs/home/users/msalgado/.local/lib/python2.7/site-packages/multiqc/multiqc.py", line 569, in run
    output = mod()
  File "/nfs/home/users/msalgado/.local/lib/python2.7/site-packages/multiqc/modules/pychopper/pychopper.py", line 27, in __init__
    for f in self.find_log_files('pychopper'):
  File "/nfs/home/users/msalgado/.local/lib/python2.7/site-packages/multiqc/modules/base_module.py", line 97, in find_log_files
    for f in report.files[sp_key]:
KeyError: 'pychopper'
============================================================
[2021-12-02 04:11:32,234] multiqc                                            [DEBUG  ]  No samples found: custom_content
[2021-12-02 04:11:32,237] multiqc                                            [DEBUG  ]  No samples found: conpair
[2021-12-02 04:11:32,240] multiqc                                            [DEBUG  ]  No samples found: peddy
[2021-12-02 04:11:32,246] multiqc                                            [ERROR  ]  Oops! The 'somalier' MultiQC module broke... 
  Please copy the following traceback and report it at https://github.com/ewels/MultiQC/issues 
  If possible, please include a log file that triggers the error - the last file found was:
    None
============================================================
Module somalier raised an exception: Traceback (most recent call last):
  File "/nfs/home/users/msalgado/.local/lib/python2.7/site-packages/multiqc/multiqc.py", line 567, in run
    mod = config.avail_modules[this_module].load()
  File "/nfs/home/users/msalgado/.local/lib/python2.7/site-packages/pkg_resources/__init__.py", line 2443, in load
    return self.resolve()
  File "/nfs/home/users/msalgado/.local/lib/python2.7/site-packages/pkg_resources/__init__.py", line 2449, in resolve
    module = __import__(self.module_name, fromlist=['__name__'], level=0)
  File "/nfs/home/users/msalgado/.local/lib/python2.7/site-packages/multiqc/modules/somalier/__init__.py", line 3, in <module>
    from .somalier import MultiqcModule
  File "/nfs/home/users/msalgado/.local/lib/python2.7/site-packages/multiqc/modules/somalier/somalier.py", line 698
    cols_return.append('rgba({},{},{},{})'.format(*cols_rgb, alpha))
SyntaxError: only named arguments may follow *expression
============================================================
[2021-12-02 04:11:32,250] multiqc                                            [DEBUG  ]  No samples found: methylQA
[2021-12-02 04:11:32,255] multiqc                                            [DEBUG  ]  No samples found: mosdepth
[2021-12-02 04:11:32,259] multiqc                                            [DEBUG  ]  No samples found: phantompeakqualtools
[2021-12-02 04:11:32,262] multiqc                                            [DEBUG  ]  No samples found: qualimap
[2021-12-02 04:11:32,266] multiqc                                            [DEBUG  ]  No samples found: preseq
[2021-12-02 04:11:32,269] multiqc                                            [DEBUG  ]  No samples found: quast
[2021-12-02 04:11:32,273] multiqc                                            [DEBUG  ]  No samples found: qorts
[2021-12-02 04:11:32,276] multiqc                                            [DEBUG  ]  No samples found: rna_seqc
[2021-12-02 04:11:32,279] multiqc                                            [DEBUG  ]  No samples found: rockhopper
[2021-12-02 04:11:32,283] multiqc                                            [DEBUG  ]  No samples found: rsem
[2021-12-02 04:11:32,291] multiqc                                            [DEBUG  ]  No samples found: rseqc
[2021-12-02 04:11:32,296] multiqc                                            [DEBUG  ]  No samples found: busco
[2021-12-02 04:11:32,300] multiqc                                            [DEBUG  ]  No samples found: goleft_indexcov
[2021-12-02 04:11:32,303] multiqc                                            [DEBUG  ]  No samples found: disambiguate
[2021-12-02 04:11:32,307] multiqc                                            [DEBUG  ]  No samples found: supernova
[2021-12-02 04:11:32,315] multiqc                                            [DEBUG  ]  No samples found: deeptools
[2021-12-02 04:11:32,318] multiqc                                            [DEBUG  ]  No samples found: sargasso
[2021-12-02 04:11:32,323] multiqc                                            [DEBUG  ]  No samples found: verifybamid
[2021-12-02 04:11:32,328] multiqc                                            [DEBUG  ]  No samples found: mirtrace
[2021-12-02 04:11:32,332] multiqc                                            [DEBUG  ]  No samples found: happy
[2021-12-02 04:11:32,335] multiqc                                            [DEBUG  ]  No samples found: mirtop
[2021-12-02 04:11:32,342] multiqc                                            [DEBUG  ]  No samples found: homer
[2021-12-02 04:11:32,346] multiqc                                            [DEBUG  ]  No samples found: macs2
[2021-12-02 04:11:32,349] multiqc                                            [DEBUG  ]  No samples found: theta2
[2021-12-02 04:11:32,353] multiqc                                            [DEBUG  ]  No samples found: snpeff
[2021-12-02 04:11:32,357] multiqc                                            [DEBUG  ]  No samples found: gatk
[2021-12-02 04:11:32,360] multiqc                                            [DEBUG  ]  No samples found: htseq
[2021-12-02 04:11:32,365] multiqc                                            [DEBUG  ]  No samples found: bcftools
[2021-12-02 04:11:32,369] multiqc                                            [DEBUG  ]  No samples found: featureCounts
[2021-12-02 04:11:32,373] multiqc                                            [DEBUG  ]  No samples found: fgbio
[2021-12-02 04:11:32,381] multiqc                                            [DEBUG  ]  No samples found: dragen
[2021-12-02 04:11:32,384] multiqc                                            [DEBUG  ]  No samples found: dedup
[2021-12-02 04:11:32,387] multiqc                                            [DEBUG  ]  No samples found: damageprofiler
[2021-12-02 04:11:32,400] multiqc                                            [DEBUG  ]  No samples found: biobambam2
[2021-12-02 04:11:32,407] multiqc                                            [DEBUG  ]  No samples found: mtnucratio
[2021-12-02 04:11:32,409] multiqc                                            [DEBUG  ]  No samples found: picard
[2021-12-02 04:11:32,412] multiqc                                            [DEBUG  ]  No samples found: prokka
[2021-12-02 04:11:32,416] multiqc                                            [DEBUG  ]  No samples found: samblaster
[2021-12-02 04:11:32,421] multiqc                                            [DEBUG  ]  No samples found: samtools
[2021-12-02 04:11:32,425] multiqc                                            [DEBUG  ]  No samples found: sexdeterrmine
[2021-12-02 04:11:32,430] multiqc                                            [DEBUG  ]  No samples found: bamtools
[2021-12-02 04:11:32,433] multiqc                                            [DEBUG  ]  No samples found: jellyfish
[2021-12-02 04:11:32,438] multiqc                                            [DEBUG  ]  No samples found: vcftools
[2021-12-02 04:11:32,442] multiqc                                            [DEBUG  ]  No samples found: longranger
[2021-12-02 04:11:32,445] multiqc                                            [DEBUG  ]  No samples found: stacks
[2021-12-02 04:11:32,449] multiqc                                            [DEBUG  ]  No samples found: varscan2
[2021-12-02 04:11:32,457] multiqc                                            [DEBUG  ]  No samples found: bbmap
[2021-12-02 04:11:32,461] multiqc                                            [DEBUG  ]  No samples found: bismark
[2021-12-02 04:11:32,464] multiqc                                            [DEBUG  ]  No samples found: biscuit
[2021-12-02 04:11:32,468] multiqc                                            [DEBUG  ]  No samples found: hicexplorer
[2021-12-02 04:11:32,471] multiqc                                            [DEBUG  ]  No samples found: hicup
[2021-12-02 04:11:32,475] multiqc                                            [DEBUG  ]  No samples found: hicpro
[2021-12-02 04:11:32,478] multiqc                                            [DEBUG  ]  No samples found: salmon
[2021-12-02 04:11:32,489] multiqc.modules.kallisto.kallisto                  [INFO   ]  Found 4 reports
[2021-12-02 04:11:32,505] multiqc                                            [DEBUG  ]  No samples found: slamdunk
[2021-12-02 04:11:32,512] multiqc.modules.star.star                          [INFO   ]  Found 4 reports
[2021-12-02 04:11:32,516] multiqc                                            [DEBUG  ]  No samples found: hisat2
[2021-12-02 04:11:32,519] multiqc                                            [DEBUG  ]  No samples found: tophat
[2021-12-02 04:11:32,523] multiqc                                            [DEBUG  ]  No samples found: bowtie2
[2021-12-02 04:11:32,527] multiqc                                            [DEBUG  ]  No samples found: bowtie1
[2021-12-02 04:11:32,530] multiqc                                            [DEBUG  ]  No samples found: snpsplit
[2021-12-02 04:11:32,533] multiqc                                            [DEBUG  ]  No samples found: kat
[2021-12-02 04:11:32,537] multiqc                                            [DEBUG  ]  No samples found: leehom
[2021-12-02 04:11:32,540] multiqc                                            [DEBUG  ]  No samples found: adapterRemoval
[2021-12-02 04:11:32,543] multiqc                                            [DEBUG  ]  No samples found: clipandmerge
[2021-12-02 04:11:32,547] multiqc                                            [DEBUG  ]  No samples found: cutadapt
[2021-12-02 04:11:32,551] multiqc                                            [DEBUG  ]  No samples found: flexbar
[2021-12-02 04:11:32,554] multiqc                                            [DEBUG  ]  No samples found: kaiju
[2021-12-02 04:11:32,557] multiqc                                            [DEBUG  ]  No samples found: kraken
[2021-12-02 04:11:32,560] multiqc                                            [DEBUG  ]  No samples found: malt
[2021-12-02 04:11:32,574] multiqc.modules.trimmomatic.trimmomatic            [INFO   ]  Found 4 logs
[2021-12-02 04:11:32,577] multiqc                                            [DEBUG  ]  No samples found: sickle
[2021-12-02 04:11:32,580] multiqc                                            [DEBUG  ]  No samples found: skewer
[2021-12-02 04:11:32,584] multiqc                                            [DEBUG  ]  No samples found: sortmerna
[2021-12-02 04:11:32,587] multiqc                                            [DEBUG  ]  No samples found: biobloomtools
[2021-12-02 04:11:32,591] multiqc                                            [DEBUG  ]  No samples found: fastq_screen
[2021-12-02 04:11:32,594] multiqc                                            [DEBUG  ]  No samples found: afterqc
[2021-12-02 04:11:32,598] multiqc                                            [DEBUG  ]  No samples found: fastp
[2021-12-02 04:11:32,601] multiqc                                            [DEBUG  ]  No samples found: fastqc
[2021-12-02 04:11:32,605] multiqc                                            [DEBUG  ]  No samples found: pycoqc
[2021-12-02 04:11:32,608] multiqc                                            [DEBUG  ]  No samples found: minionqc
[2021-12-02 04:11:32,611] multiqc                                            [DEBUG  ]  No samples found: multivcfanalyzer
[2021-12-02 04:11:32,615] multiqc                                            [DEBUG  ]  No samples found: clusterflow
[2021-12-02 04:11:32,619] multiqc                                            [DEBUG  ]  No samples found: bcl2fastq
[2021-12-02 04:11:32,622] multiqc                                            [DEBUG  ]  No samples found: interop
[2021-12-02 04:11:32,626] multiqc                                            [DEBUG  ]  No samples found: ivar
[2021-12-02 04:11:32,629] multiqc                                            [DEBUG  ]  No samples found: flash
[2021-12-02 04:11:32,633] multiqc                                            [DEBUG  ]  No samples found: seqyclean
[2021-12-02 04:11:32,638] multiqc                                            [INFO   ]  Compressing plot data
[2021-12-02 04:11:32,651] multiqc                                            [INFO   ]  Report      : multiqc_report.html
[2021-12-02 04:11:32,651] multiqc                                            [INFO   ]  Data        : multiqc_data
[2021-12-02 04:11:32,651] multiqc                                            [DEBUG  ]  Moving data file from '/tmp/tmpjnUWit/multiqc_data' to '/nfs/home/users/msalgado/test_data_1_K562/multiqc_data'
[2021-12-02 04:11:32,814] multiqc                                            [INFO   ]  MultiQC complete
